[2025-09-18T10:58:46.973Z] [INFO] Starting manual sync...
[2025-09-18T10:58:47.195Z] [INFO] Fetched 37 advertisements from feed
[2025-09-18T10:58:47.216Z] [ERROR] ERROR: Error creating car 27737899: - Bind parameters must not contain undefined. To pass SQL NULL specify JS null
[2025-09-18T10:58:47.227Z] [ERROR] ERROR: Error creating car 27737896: - Bind parameters must not contain undefined. To pass SQL NULL specify JS null
[2025-09-18T10:58:47.234Z] [ERROR] ERROR: Error creating car 27737884: - Bind parameters must not contain undefined. To pass SQL NULL specify JS null
[2025-09-18T10:58:47.247Z] [ERROR] ERROR: Error creating car 27737878: - Bind parameters must not contain undefined. To pass SQL NULL specify JS null
[2025-09-18T10:58:47.256Z] [ERROR] ERROR: Error creating car 27731121: - Bind parameters must not contain undefined. To pass SQL NULL specify JS null
[2025-09-18T10:58:47.265Z] [ERROR] ERROR: Error creating car 27729074: - Bind parameters must not contain undefined. To pass SQL NULL specify JS null
[2025-09-18T10:58:47.274Z] [ERROR] ERROR: Error creating car 27687597: - Bind parameters must not contain undefined. To pass SQL NULL specify JS null
[2025-09-18T10:58:47.286Z] [ERROR] ERROR: Error creating car 27678028: - Bind parameters must not contain undefined. To pass SQL NULL specify JS null
[2025-09-18T10:58:47.295Z] [ERROR] ERROR: Error creating car 27678001: - Bind parameters must not contain undefined. To pass SQL NULL specify JS null
[2025-09-18T10:58:47.305Z] [ERROR] ERROR: Error creating car 27677830: - Bind parameters must not contain undefined. To pass SQL NULL specify JS null
[2025-09-18T10:58:47.316Z] [ERROR] ERROR: Error creating car 27658156: - User yr040300 already has more than 'max_user_connections' active connections
[2025-09-18T10:58:47.333Z] [ERROR] ERROR: Error creating car 27658056: - User yr040300 already has more than 'max_user_connections' active connections
[2025-09-18T10:58:47.342Z] [ERROR] ERROR: Error creating car 27649660: - User yr040300 already has more than 'max_user_connections' active connections
[2025-09-18T10:58:47.352Z] [ERROR] ERROR: Error creating car 27648602: - User yr040300 already has more than 'max_user_connections' active connections
[2025-09-18T10:58:47.362Z] [ERROR] ERROR: Error creating car 27608096: - User yr040300 already has more than 'max_user_connections' active connections
[2025-09-18T10:58:47.373Z] [ERROR] ERROR: Error creating car 27608091: - User yr040300 already has more than 'max_user_connections' active connections
[2025-09-18T10:58:47.383Z] [ERROR] ERROR: Error creating car 27591647: - User yr040300 already has more than 'max_user_connections' active connections
[2025-09-18T10:58:47.398Z] [ERROR] ERROR: Error creating car 27586067: - User yr040300 already has more than 'max_user_connections' active connections
[2025-09-18T10:58:47.410Z] [ERROR] ERROR: Error creating car 27556147: - User yr040300 already has more than 'max_user_connections' active connections
[2025-09-18T10:58:47.420Z] [ERROR] ERROR: Error creating car 27556130: - User yr040300 already has more than 'max_user_connections' active connections
[2025-09-18T10:58:47.433Z] [ERROR] ERROR: Error creating car 27550089: - User yr040300 already has more than 'max_user_connections' active connections
[2025-09-18T10:58:47.443Z] [ERROR] ERROR: Error creating car 27527295: - User yr040300 already has more than 'max_user_connections' active connections
[2025-09-18T10:58:47.456Z] [ERROR] ERROR: Error creating car 27526595: - User yr040300 already has more than 'max_user_connections' active connections
[2025-09-18T10:58:47.472Z] [ERROR] ERROR: Error creating car 27503270: - User yr040300 already has more than 'max_user_connections' active connections
[2025-09-18T10:58:47.478Z] [ERROR] ERROR: Error creating car 27503005: - User yr040300 already has more than 'max_user_connections' active connections
[2025-09-18T10:58:47.485Z] [ERROR] ERROR: Error creating car 27395544: - User yr040300 already has more than 'max_user_connections' active connections
[2025-09-18T10:58:47.497Z] [ERROR] ERROR: Error creating car 27393965: - User yr040300 already has more than 'max_user_connections' active connections
[2025-09-18T10:58:47.506Z] [ERROR] ERROR: Error creating car 27361578: - User yr040300 already has more than 'max_user_connections' active connections
[2025-09-18T10:58:47.516Z] [ERROR] ERROR: Error creating car 27332627: - User yr040300 already has more than 'max_user_connections' active connections
[2025-09-18T10:58:47.524Z] [ERROR] ERROR: Error creating car 27282901: - User yr040300 already has more than 'max_user_connections' active connections
[2025-09-18T10:58:47.536Z] [ERROR] ERROR: Error creating car 27227530: - User yr040300 already has more than 'max_user_connections' active connections
[2025-09-18T10:58:47.543Z] [ERROR] ERROR: Error creating car 27174504: - User yr040300 already has more than 'max_user_connections' active connections
[2025-09-18T10:58:47.551Z] [ERROR] ERROR: Error creating car 27174486: - User yr040300 already has more than 'max_user_connections' active connections
[2025-09-18T10:58:47.561Z] [ERROR] ERROR: Error creating car 27129074: - User yr040300 already has more than 'max_user_connections' active connections
[2025-09-18T10:58:47.573Z] [ERROR] ERROR: Error creating car 26193277: - User yr040300 already has more than 'max_user_connections' active connections
[2025-09-18T10:58:47.583Z] [ERROR] ERROR: Error creating car 25977085: - User yr040300 already has more than 'max_user_connections' active connections
[2025-09-18T10:58:47.593Z] [ERROR] ERROR: Error creating car 23452253: - User yr040300 already has more than 'max_user_connections' active connections
[2025-09-18T10:58:47.602Z] [ERROR] ERROR: Sync failed: - User yr040300 already has more than 'max_user_connections' active connections
[2025-09-18T10:59:11.959Z] [INFO] Starting manual sync...
[2025-09-18T10:59:12.207Z] [INFO] Fetched 37 advertisements from feed
[2025-09-18T10:59:12.214Z] [ERROR] ERROR: Sync failed: - User yr040300 already has more than 'max_user_connections' active connections
[2025-09-18T11:01:23.303Z] [INFO] Starting manual sync...
[2025-09-18T11:01:23.519Z] [INFO] Fetched 37 advertisements from feed
[2025-09-18T11:01:23.552Z] [ERROR] ERROR: Error creating car 27737899: - Bind parameters must not contain undefined. To pass SQL NULL specify JS null
[2025-09-18T11:01:23.560Z] [ERROR] ERROR: Error creating car 27737896: - Bind parameters must not contain undefined. To pass SQL NULL specify JS null
[2025-09-18T11:01:23.569Z] [ERROR] ERROR: Error creating car 27737884: - Bind parameters must not contain undefined. To pass SQL NULL specify JS null
[2025-09-18T11:01:23.578Z] [ERROR] ERROR: Error creating car 27737878: - Bind parameters must not contain undefined. To pass SQL NULL specify JS null
[2025-09-18T11:01:23.588Z] [ERROR] ERROR: Error creating car 27731121: - Bind parameters must not contain undefined. To pass SQL NULL specify JS null
[2025-09-18T11:01:23.598Z] [ERROR] ERROR: Error creating car 27729074: - Bind parameters must not contain undefined. To pass SQL NULL specify JS null
[2025-09-18T11:01:23.608Z] [ERROR] ERROR: Error creating car 27687597: - Bind parameters must not contain undefined. To pass SQL NULL specify JS null
[2025-09-18T11:01:23.617Z] [ERROR] ERROR: Error creating car 27678028: - Bind parameters must not contain undefined. To pass SQL NULL specify JS null
[2025-09-18T11:01:23.627Z] [ERROR] ERROR: Error creating car 27678001: - Bind parameters must not contain undefined. To pass SQL NULL specify JS null
[2025-09-18T11:01:23.637Z] [ERROR] ERROR: Error creating car 27677830: - Bind parameters must not contain undefined. To pass SQL NULL specify JS null
[2025-09-18T11:01:23.650Z] [ERROR] ERROR: Error creating car 27658156: - User yr040300 already has more than 'max_user_connections' active connections
[2025-09-18T11:01:23.660Z] [ERROR] ERROR: Error creating car 27658056: - User yr040300 already has more than 'max_user_connections' active connections
[2025-09-18T11:01:23.668Z] [ERROR] ERROR: Error creating car 27649660: - User yr040300 already has more than 'max_user_connections' active connections
[2025-09-18T11:01:23.678Z] [ERROR] ERROR: Error creating car 27648602: - User yr040300 already has more than 'max_user_connections' active connections
[2025-09-18T11:01:23.692Z] [ERROR] ERROR: Error creating car 27608096: - User yr040300 already has more than 'max_user_connections' active connections
[2025-09-18T11:01:23.701Z] [ERROR] ERROR: Error creating car 27608091: - User yr040300 already has more than 'max_user_connections' active connections
[2025-09-18T11:01:23.710Z] [ERROR] ERROR: Error creating car 27591647: - User yr040300 already has more than 'max_user_connections' active connections
[2025-09-18T11:01:23.722Z] [ERROR] ERROR: Error creating car 27586067: - User yr040300 already has more than 'max_user_connections' active connections
[2025-09-18T11:01:23.732Z] [ERROR] ERROR: Error creating car 27556147: - User yr040300 already has more than 'max_user_connections' active connections
[2025-09-18T11:01:23.741Z] [ERROR] ERROR: Error creating car 27556130: - User yr040300 already has more than 'max_user_connections' active connections
[2025-09-18T11:01:23.749Z] [ERROR] ERROR: Error creating car 27550089: - User yr040300 already has more than 'max_user_connections' active connections
[2025-09-18T11:01:23.761Z] [ERROR] ERROR: Error creating car 27527295: - User yr040300 already has more than 'max_user_connections' active connections
[2025-09-18T11:01:23.787Z] [ERROR] ERROR: Error creating car 27526595: - User yr040300 already has more than 'max_user_connections' active connections
[2025-09-18T11:01:23.804Z] [ERROR] ERROR: Error creating car 27503270: - User yr040300 already has more than 'max_user_connections' active connections
[2025-09-18T11:01:23.825Z] [ERROR] ERROR: Error creating car 27503005: - User yr040300 already has more than 'max_user_connections' active connections
[2025-09-18T11:01:23.832Z] [ERROR] ERROR: Error creating car 27395544: - User yr040300 already has more than 'max_user_connections' active connections
[2025-09-18T11:01:23.840Z] [ERROR] ERROR: Error creating car 27393965: - User yr040300 already has more than 'max_user_connections' active connections
[2025-09-18T11:01:23.847Z] [ERROR] ERROR: Error creating car 27361578: - User yr040300 already has more than 'max_user_connections' active connections
[2025-09-18T11:01:23.856Z] [ERROR] ERROR: Error creating car 27332627: - User yr040300 already has more than 'max_user_connections' active connections
[2025-09-18T11:01:23.864Z] [ERROR] ERROR: Error creating car 27282901: - User yr040300 already has more than 'max_user_connections' active connections
[2025-09-18T11:01:23.871Z] [ERROR] ERROR: Error creating car 27227530: - User yr040300 already has more than 'max_user_connections' active connections
[2025-09-18T11:01:23.879Z] [ERROR] ERROR: Error creating car 27174504: - User yr040300 already has more than 'max_user_connections' active connections
[2025-09-18T11:01:23.885Z] [ERROR] ERROR: Error creating car 27174486: - User yr040300 already has more than 'max_user_connections' active connections
[2025-09-18T11:01:23.898Z] [ERROR] ERROR: Error creating car 27129074: - User yr040300 already has more than 'max_user_connections' active connections
[2025-09-18T11:01:23.907Z] [ERROR] ERROR: Error creating car 26193277: - User yr040300 already has more than 'max_user_connections' active connections
[2025-09-18T11:01:23.921Z] [ERROR] ERROR: Error creating car 25977085: - User yr040300 already has more than 'max_user_connections' active connections
[2025-09-18T11:01:23.930Z] [ERROR] ERROR: Error creating car 23452253: - User yr040300 already has more than 'max_user_connections' active connections
[2025-09-18T11:01:23.939Z] [ERROR] ERROR: Sync failed: - User yr040300 already has more than 'max_user_connections' active connections
[2025-09-18T11:06:41.046Z] [INFO] Starting manual batch sync with batch size 3...
[2025-09-18T11:06:41.301Z] [INFO] Fetched 37 advertisements from feed
[2025-09-18T11:06:41.301Z] [INFO] Processing 13 batches of 3 cars each
[2025-09-18T11:06:41.301Z] [INFO] Processing batch 1/13 (3 cars)...
[2025-09-18T11:06:41.325Z] [ERROR] ERROR: Error creating car 27737899: - Bind parameters must not contain undefined. To pass SQL NULL specify JS null
[2025-09-18T11:06:41.325Z] [ERROR] ERROR: Error creating car 27737896: - Bind parameters must not contain undefined. To pass SQL NULL specify JS null
[2025-09-18T11:06:41.326Z] [ERROR] ERROR: Error creating car 27737884: - Bind parameters must not contain undefined. To pass SQL NULL specify JS null
[2025-09-18T11:06:41.326Z] [INFO] Waiting 3 seconds before next batch...
[2025-09-18T11:06:44.327Z] [INFO] Processing batch 2/13 (3 cars)...
[2025-09-18T11:06:44.345Z] [ERROR] ERROR: Error creating car 27737878: - Bind parameters must not contain undefined. To pass SQL NULL specify JS null
[2025-09-18T11:06:44.346Z] [ERROR] ERROR: Error creating car 27731121: - Bind parameters must not contain undefined. To pass SQL NULL specify JS null
[2025-09-18T11:06:44.346Z] [ERROR] ERROR: Error creating car 27729074: - Bind parameters must not contain undefined. To pass SQL NULL specify JS null
[2025-09-18T11:06:44.347Z] [INFO] Waiting 3 seconds before next batch...
[2025-09-18T11:10:14.590Z] [INFO] Starting manual batch sync with batch size 1...
[2025-09-18T11:10:14.866Z] [INFO] Fetched 37 advertisements from feed
[2025-09-18T11:10:14.866Z] [INFO] Processing 37 batches of 1 cars each
[2025-09-18T11:10:14.866Z] [INFO] Processing batch 1/37 (1 cars)...
[2025-09-18T11:10:14.893Z] [ERROR] ERROR: Error creating car 27737899: - You have an error in your SQL syntax; check the manual that corresponds to your MariaDB server version for the right syntax to use near 'condition, vin, description, status, featured) 
       VALUES (?, ?, ?, ?, ?,...' at line 1
[2025-09-18T11:10:14.893Z] [INFO] Waiting 3 seconds before next batch...
[2025-09-18T11:10:17.897Z] [INFO] Processing batch 2/37 (1 cars)...
[2025-09-18T11:10:17.933Z] [ERROR] ERROR: Error creating car 27737896: - You have an error in your SQL syntax; check the manual that corresponds to your MariaDB server version for the right syntax to use near 'condition, vin, description, status, featured) 
       VALUES (?, ?, ?, ?, ?,...' at line 1
[2025-09-18T11:10:17.934Z] [INFO] Waiting 3 seconds before next batch...
[2025-09-18T11:10:20.938Z] [INFO] Processing batch 3/37 (1 cars)...
[2025-09-18T11:10:20.963Z] [ERROR] ERROR: Error creating car 27737884: - You have an error in your SQL syntax; check the manual that corresponds to your MariaDB server version for the right syntax to use near 'condition, vin, description, status, featured) 
       VALUES (?, ?, ?, ?, ?,...' at line 1
[2025-09-18T11:10:20.964Z] [INFO] Waiting 3 seconds before next batch...
[2025-09-18T11:10:23.965Z] [INFO] Processing batch 4/37 (1 cars)...
[2025-09-18T11:10:24.003Z] [ERROR] ERROR: Error creating car 27737878: - You have an error in your SQL syntax; check the manual that corresponds to your MariaDB server version for the right syntax to use near 'condition, vin, description, status, featured) 
       VALUES (?, ?, ?, ?, ?,...' at line 1
[2025-09-18T11:10:24.003Z] [INFO] Waiting 3 seconds before next batch...
[2025-09-18T11:10:27.004Z] [INFO] Processing batch 5/37 (1 cars)...
[2025-09-18T11:10:27.019Z] [ERROR] ERROR: Error creating car 27731121: - You have an error in your SQL syntax; check the manual that corresponds to your MariaDB server version for the right syntax to use near 'condition, vin, description, status, featured) 
       VALUES (?, ?, ?, ?, ?,...' at line 1
[2025-09-18T11:10:27.020Z] [INFO] Waiting 3 seconds before next batch...
[2025-09-18T11:10:30.022Z] [INFO] Processing batch 6/37 (1 cars)...
[2025-09-18T11:10:30.040Z] [ERROR] ERROR: Error creating car 27729074: - You have an error in your SQL syntax; check the manual that corresponds to your MariaDB server version for the right syntax to use near 'condition, vin, description, status, featured) 
       VALUES (?, ?, ?, ?, ?,...' at line 1
[2025-09-18T11:10:30.040Z] [INFO] Waiting 3 seconds before next batch...
[2025-09-18T11:10:33.041Z] [INFO] Processing batch 7/37 (1 cars)...
[2025-09-18T11:10:33.068Z] [ERROR] ERROR: Error creating car 27687597: - You have an error in your SQL syntax; check the manual that corresponds to your MariaDB server version for the right syntax to use near 'condition, vin, description, status, featured) 
       VALUES (?, ?, ?, ?, ?,...' at line 1
[2025-09-18T11:10:33.069Z] [INFO] Waiting 3 seconds before next batch...
[2025-09-18T11:10:36.072Z] [INFO] Processing batch 8/37 (1 cars)...
[2025-09-18T11:10:36.171Z] [ERROR] ERROR: Error creating car 27678028: - You have an error in your SQL syntax; check the manual that corresponds to your MariaDB server version for the right syntax to use near 'condition, vin, description, status, featured) 
       VALUES (?, ?, ?, ?, ?,...' at line 1
[2025-09-18T11:10:36.172Z] [INFO] Waiting 3 seconds before next batch...
[2025-09-18T11:10:39.176Z] [INFO] Processing batch 9/37 (1 cars)...
[2025-09-18T11:10:39.221Z] [ERROR] ERROR: Error creating car 27678001: - You have an error in your SQL syntax; check the manual that corresponds to your MariaDB server version for the right syntax to use near 'condition, vin, description, status, featured) 
       VALUES (?, ?, ?, ?, ?,...' at line 1
[2025-09-18T11:10:39.223Z] [INFO] Waiting 3 seconds before next batch...
[2025-09-18T11:10:42.227Z] [INFO] Processing batch 10/37 (1 cars)...
[2025-09-18T11:10:42.250Z] [ERROR] ERROR: Error creating car 27677830: - You have an error in your SQL syntax; check the manual that corresponds to your MariaDB server version for the right syntax to use near 'condition, vin, description, status, featured) 
       VALUES (?, ?, ?, ?, ?,...' at line 1
[2025-09-18T11:10:42.251Z] [INFO] Waiting 3 seconds before next batch...
[2025-09-18T11:10:45.256Z] [INFO] Processing batch 11/37 (1 cars)...
[2025-09-18T11:10:45.304Z] [ERROR] ERROR: Error creating car 27658156: - You have an error in your SQL syntax; check the manual that corresponds to your MariaDB server version for the right syntax to use near 'condition, vin, description, status, featured) 
       VALUES (?, ?, ?, ?, ?,...' at line 1
[2025-09-18T11:10:45.305Z] [INFO] Waiting 3 seconds before next batch...
[2025-09-18T11:10:48.309Z] [INFO] Processing batch 12/37 (1 cars)...
[2025-09-18T11:10:48.347Z] [ERROR] ERROR: Error creating car 27658056: - You have an error in your SQL syntax; check the manual that corresponds to your MariaDB server version for the right syntax to use near 'condition, vin, description, status, featured) 
       VALUES (?, ?, ?, ?, ?,...' at line 1
[2025-09-18T11:10:48.348Z] [INFO] Waiting 3 seconds before next batch...
[2025-09-18T11:10:51.353Z] [INFO] Processing batch 13/37 (1 cars)...
[2025-09-18T11:10:51.372Z] [ERROR] ERROR: Error creating car 27649660: - You have an error in your SQL syntax; check the manual that corresponds to your MariaDB server version for the right syntax to use near 'condition, vin, description, status, featured) 
       VALUES (?, ?, ?, ?, ?,...' at line 1
[2025-09-18T11:10:51.372Z] [INFO] Waiting 3 seconds before next batch...
[2025-09-18T11:10:54.377Z] [INFO] Processing batch 14/37 (1 cars)...
[2025-09-18T11:10:54.435Z] [ERROR] ERROR: Error creating car 27648602: - You have an error in your SQL syntax; check the manual that corresponds to your MariaDB server version for the right syntax to use near 'condition, vin, description, status, featured) 
       VALUES (?, ?, ?, ?, ?,...' at line 1
[2025-09-18T11:10:54.435Z] [INFO] Waiting 3 seconds before next batch...
[2025-09-18T11:10:57.440Z] [INFO] Processing batch 15/37 (1 cars)...
[2025-09-18T11:10:57.460Z] [ERROR] ERROR: Error creating car 27608096: - You have an error in your SQL syntax; check the manual that corresponds to your MariaDB server version for the right syntax to use near 'condition, vin, description, status, featured) 
       VALUES (?, ?, ?, ?, ?,...' at line 1
[2025-09-18T11:10:57.461Z] [INFO] Waiting 3 seconds before next batch...
[2025-09-18T11:11:00.465Z] [INFO] Processing batch 16/37 (1 cars)...
[2025-09-18T11:11:00.485Z] [ERROR] ERROR: Error creating car 27608091: - You have an error in your SQL syntax; check the manual that corresponds to your MariaDB server version for the right syntax to use near 'condition, vin, description, status, featured) 
       VALUES (?, ?, ?, ?, ?,...' at line 1
[2025-09-18T11:11:00.486Z] [INFO] Waiting 3 seconds before next batch...
[2025-09-18T11:11:03.490Z] [INFO] Processing batch 17/37 (1 cars)...
[2025-09-18T11:11:03.509Z] [ERROR] ERROR: Error creating car 27591647: - You have an error in your SQL syntax; check the manual that corresponds to your MariaDB server version for the right syntax to use near 'condition, vin, description, status, featured) 
       VALUES (?, ?, ?, ?, ?,...' at line 1
[2025-09-18T11:11:03.510Z] [INFO] Waiting 3 seconds before next batch...
[2025-09-18T11:11:06.513Z] [INFO] Processing batch 18/37 (1 cars)...
[2025-09-18T11:11:06.538Z] [ERROR] ERROR: Error creating car 27586067: - You have an error in your SQL syntax; check the manual that corresponds to your MariaDB server version for the right syntax to use near 'condition, vin, description, status, featured) 
       VALUES (?, ?, ?, ?, ?,...' at line 1
[2025-09-18T11:11:06.539Z] [INFO] Waiting 3 seconds before next batch...
[2025-09-18T11:11:09.543Z] [INFO] Processing batch 19/37 (1 cars)...
[2025-09-18T11:11:09.564Z] [ERROR] ERROR: Error creating car 27556147: - You have an error in your SQL syntax; check the manual that corresponds to your MariaDB server version for the right syntax to use near 'condition, vin, description, status, featured) 
       VALUES (?, ?, ?, ?, ?,...' at line 1
[2025-09-18T11:11:09.564Z] [INFO] Waiting 3 seconds before next batch...
[2025-09-18T11:11:12.566Z] [INFO] Processing batch 20/37 (1 cars)...
[2025-09-18T11:11:12.582Z] [ERROR] ERROR: Error creating car 27556130: - You have an error in your SQL syntax; check the manual that corresponds to your MariaDB server version for the right syntax to use near 'condition, vin, description, status, featured) 
       VALUES (?, ?, ?, ?, ?,...' at line 1
[2025-09-18T11:11:12.583Z] [INFO] Waiting 3 seconds before next batch...
[2025-09-18T11:11:15.586Z] [INFO] Processing batch 21/37 (1 cars)...
[2025-09-18T11:11:15.609Z] [ERROR] ERROR: Error creating car 27550089: - You have an error in your SQL syntax; check the manual that corresponds to your MariaDB server version for the right syntax to use near 'condition, vin, description, status, featured) 
       VALUES (?, ?, ?, ?, ?,...' at line 1
[2025-09-18T11:11:15.609Z] [INFO] Waiting 3 seconds before next batch...
[2025-09-18T11:11:18.611Z] [INFO] Processing batch 22/37 (1 cars)...
[2025-09-18T11:11:18.624Z] [ERROR] ERROR: Error creating car 27527295: - You have an error in your SQL syntax; check the manual that corresponds to your MariaDB server version for the right syntax to use near 'condition, vin, description, status, featured) 
       VALUES (?, ?, ?, ?, ?,...' at line 1
[2025-09-18T11:11:18.625Z] [INFO] Waiting 3 seconds before next batch...
[2025-09-18T11:11:21.628Z] [INFO] Processing batch 23/37 (1 cars)...
[2025-09-18T11:11:21.652Z] [ERROR] ERROR: Error creating car 27526595: - You have an error in your SQL syntax; check the manual that corresponds to your MariaDB server version for the right syntax to use near 'condition, vin, description, status, featured) 
       VALUES (?, ?, ?, ?, ?,...' at line 1
[2025-09-18T11:11:21.653Z] [INFO] Waiting 3 seconds before next batch...
[2025-09-18T11:11:24.657Z] [INFO] Processing batch 24/37 (1 cars)...
[2025-09-18T11:11:24.674Z] [ERROR] ERROR: Error creating car 27503270: - You have an error in your SQL syntax; check the manual that corresponds to your MariaDB server version for the right syntax to use near 'condition, vin, description, status, featured) 
       VALUES (?, ?, ?, ?, ?,...' at line 1
[2025-09-18T11:11:24.674Z] [INFO] Waiting 3 seconds before next batch...
[2025-09-18T11:11:27.677Z] [INFO] Processing batch 25/37 (1 cars)...
[2025-09-18T11:11:27.740Z] [ERROR] ERROR: Error creating car 27503005: - You have an error in your SQL syntax; check the manual that corresponds to your MariaDB server version for the right syntax to use near 'condition, vin, description, status, featured) 
       VALUES (?, ?, ?, ?, ?,...' at line 1
[2025-09-18T11:11:27.741Z] [INFO] Waiting 3 seconds before next batch...
[2025-09-18T11:11:30.745Z] [INFO] Processing batch 26/37 (1 cars)...
[2025-09-18T11:11:30.807Z] [ERROR] ERROR: Error creating car 27395544: - You have an error in your SQL syntax; check the manual that corresponds to your MariaDB server version for the right syntax to use near 'condition, vin, description, status, featured) 
       VALUES (?, ?, ?, ?, ?,...' at line 1
[2025-09-18T11:11:30.808Z] [INFO] Waiting 3 seconds before next batch...
[2025-09-18T11:11:33.812Z] [INFO] Processing batch 27/37 (1 cars)...
[2025-09-18T11:11:33.826Z] [ERROR] ERROR: Error creating car 27393965: - You have an error in your SQL syntax; check the manual that corresponds to your MariaDB server version for the right syntax to use near 'condition, vin, description, status, featured) 
       VALUES (?, ?, ?, ?, ?,...' at line 1
[2025-09-18T11:11:33.826Z] [INFO] Waiting 3 seconds before next batch...
[2025-09-18T11:11:36.829Z] [INFO] Processing batch 28/37 (1 cars)...
[2025-09-18T11:11:36.848Z] [ERROR] ERROR: Error creating car 27361578: - You have an error in your SQL syntax; check the manual that corresponds to your MariaDB server version for the right syntax to use near 'condition, vin, description, status, featured) 
       VALUES (?, ?, ?, ?, ?,...' at line 1
[2025-09-18T11:11:36.848Z] [INFO] Waiting 3 seconds before next batch...
[2025-09-18T11:13:27.327Z] [INFO] Starting manual batch sync with batch size 1...
[2025-09-18T11:13:27.551Z] [INFO] Fetched 37 advertisements from feed
[2025-09-18T11:13:27.551Z] [INFO] Processing 37 batches of 1 cars each
[2025-09-18T11:13:27.551Z] [INFO] Processing batch 1/37 (1 cars)...
[2025-09-18T11:13:29.794Z] [INFO] Created car: 27737899
[2025-09-18T11:13:29.795Z] [INFO] Waiting 3 seconds before next batch...
[2025-09-18T11:13:32.797Z] [INFO] Processing batch 2/37 (1 cars)...
[2025-09-18T11:13:35.562Z] [INFO] Created car: 27737896
[2025-09-18T11:13:35.562Z] [INFO] Waiting 3 seconds before next batch...
[2025-09-18T11:13:38.564Z] [INFO] Processing batch 3/37 (1 cars)...
[2025-09-18T11:13:41.205Z] [INFO] Created car: 27737884
[2025-09-18T11:13:41.205Z] [INFO] Waiting 3 seconds before next batch...
[2025-09-18T11:13:44.208Z] [INFO] Processing batch 4/37 (1 cars)...
[2025-09-18T11:13:49.407Z] [INFO] Created car: 27737878
[2025-09-18T11:13:49.407Z] [INFO] Waiting 3 seconds before next batch...
[2025-09-18T11:13:52.411Z] [INFO] Processing batch 5/37 (1 cars)...
[2025-09-18T11:13:55.089Z] [INFO] Created car: 27731121
[2025-09-18T11:13:55.090Z] [INFO] Waiting 3 seconds before next batch...
[2025-09-18T11:13:58.091Z] [INFO] Processing batch 6/37 (1 cars)...
[2025-09-18T11:14:01.443Z] [INFO] Created car: 27729074
[2025-09-18T11:14:01.444Z] [INFO] Waiting 3 seconds before next batch...
[2025-09-18T11:14:04.446Z] [INFO] Processing batch 7/37 (1 cars)...
[2025-09-18T11:14:07.383Z] [INFO] Created car: 27687597
[2025-09-18T11:14:07.383Z] [INFO] Waiting 3 seconds before next batch...
[2025-09-18T11:14:10.386Z] [INFO] Processing batch 8/37 (1 cars)...
[2025-09-18T11:14:13.275Z] [INFO] Created car: 27678028
[2025-09-18T11:14:13.276Z] [INFO] Waiting 3 seconds before next batch...
[2025-09-18T11:14:16.279Z] [INFO] Processing batch 9/37 (1 cars)...
[2025-09-18T11:14:19.707Z] [INFO] Created car: 27678001
[2025-09-18T11:14:19.708Z] [INFO] Waiting 3 seconds before next batch...
[2025-09-18T11:14:22.711Z] [INFO] Processing batch 10/37 (1 cars)...
[2025-09-18T11:14:25.333Z] [INFO] Created car: 27677830
[2025-09-18T11:14:25.333Z] [INFO] Waiting 3 seconds before next batch...
[2025-09-18T11:14:28.334Z] [INFO] Processing batch 11/37 (1 cars)...
[2025-09-18T11:14:31.602Z] [INFO] Created car: 27658156
[2025-09-18T11:14:31.602Z] [INFO] Waiting 3 seconds before next batch...
[2025-09-18T11:14:34.603Z] [INFO] Processing batch 12/37 (1 cars)...
[2025-09-18T11:14:37.646Z] [INFO] Created car: 27658056
[2025-09-18T11:14:37.647Z] [INFO] Waiting 3 seconds before next batch...
[2025-09-18T11:14:40.649Z] [INFO] Processing batch 13/37 (1 cars)...
[2025-09-18T11:14:42.919Z] [INFO] Created car: 27649660
[2025-09-18T11:14:42.919Z] [INFO] Waiting 3 seconds before next batch...
[2025-09-18T11:14:45.921Z] [INFO] Processing batch 14/37 (1 cars)...
[2025-09-18T11:14:48.424Z] [INFO] Created car: 27648602
[2025-09-18T11:14:48.425Z] [INFO] Waiting 3 seconds before next batch...
[2025-09-18T11:14:51.426Z] [INFO] Processing batch 15/37 (1 cars)...
[2025-09-18T11:14:54.479Z] [INFO] Created car: 27608096
[2025-09-18T11:14:54.479Z] [INFO] Waiting 3 seconds before next batch...
[2025-09-18T11:14:57.479Z] [INFO] Processing batch 16/37 (1 cars)...
[2025-09-18T11:15:00.204Z] [INFO] Created car: 27608091
[2025-09-18T11:15:00.205Z] [INFO] Waiting 3 seconds before next batch...
[2025-09-18T11:15:03.207Z] [INFO] Processing batch 17/37 (1 cars)...
[2025-09-18T11:15:05.469Z] [INFO] Created car: 27591647
[2025-09-18T11:15:05.469Z] [INFO] Waiting 3 seconds before next batch...
[2025-09-18T11:15:08.469Z] [INFO] Processing batch 18/37 (1 cars)...
[2025-09-18T11:15:11.111Z] [INFO] Created car: 27586067
[2025-09-18T11:15:11.111Z] [INFO] Waiting 3 seconds before next batch...
[2025-09-18T11:15:14.113Z] [INFO] Processing batch 19/37 (1 cars)...
[2025-09-18T11:15:16.477Z] [INFO] Created car: 27556147
[2025-09-18T11:15:16.477Z] [INFO] Waiting 3 seconds before next batch...
[2025-09-18T11:15:19.478Z] [INFO] Processing batch 20/37 (1 cars)...
[2025-09-18T11:15:22.356Z] [INFO] Created car: 27556130
[2025-09-18T11:15:22.356Z] [INFO] Waiting 3 seconds before next batch...
[2025-09-18T11:15:25.357Z] [INFO] Processing batch 21/37 (1 cars)...
[2025-09-18T11:15:28.093Z] [INFO] Created car: 27550089
[2025-09-18T11:15:28.093Z] [INFO] Waiting 3 seconds before next batch...
[2025-09-18T11:15:31.093Z] [INFO] Processing batch 22/37 (1 cars)...
[2025-09-18T11:15:33.113Z] [INFO] Created car: 27527295
[2025-09-18T11:15:33.113Z] [INFO] Waiting 3 seconds before next batch...
[2025-09-18T11:15:36.115Z] [INFO] Processing batch 23/37 (1 cars)...
[2025-09-18T11:15:38.622Z] [INFO] Created car: 27526595
[2025-09-18T11:15:38.623Z] [INFO] Waiting 3 seconds before next batch...
[2025-09-18T11:15:41.624Z] [INFO] Processing batch 24/37 (1 cars)...
[2025-09-18T11:15:44.339Z] [INFO] Created car: 27503270
[2025-09-18T11:15:44.340Z] [INFO] Waiting 3 seconds before next batch...
[2025-09-18T11:15:47.341Z] [INFO] Processing batch 25/37 (1 cars)...
[2025-09-18T11:15:49.668Z] [INFO] Created car: 27503005
[2025-09-18T11:15:49.668Z] [INFO] Waiting 3 seconds before next batch...
[2025-09-18T11:15:52.669Z] [INFO] Processing batch 26/37 (1 cars)...
[2025-09-18T11:15:54.223Z] [INFO] Created car: 27395544
[2025-09-18T11:15:54.224Z] [INFO] Waiting 3 seconds before next batch...
[2025-09-18T11:15:57.225Z] [INFO] Processing batch 27/37 (1 cars)...
[2025-09-18T11:15:59.972Z] [INFO] Created car: 27393965
[2025-09-18T11:15:59.972Z] [INFO] Waiting 3 seconds before next batch...
[2025-09-18T11:16:02.973Z] [INFO] Processing batch 28/37 (1 cars)...
[2025-09-18T11:16:05.587Z] [INFO] Created car: 27361578
[2025-09-18T11:16:05.588Z] [INFO] Waiting 3 seconds before next batch...
[2025-09-18T11:16:08.590Z] [INFO] Processing batch 29/37 (1 cars)...
[2025-09-18T11:16:11.479Z] [INFO] Created car: 27332627
[2025-09-18T11:16:11.480Z] [INFO] Waiting 3 seconds before next batch...
[2025-09-18T11:16:14.482Z] [INFO] Processing batch 30/37 (1 cars)...
[2025-09-18T11:16:17.370Z] [INFO] Created car: 27282901
[2025-09-18T11:16:17.371Z] [INFO] Waiting 3 seconds before next batch...
[2025-09-18T11:16:20.371Z] [INFO] Processing batch 31/37 (1 cars)...
[2025-09-18T11:16:22.645Z] [INFO] Created car: 27227530
[2025-09-18T11:16:22.645Z] [INFO] Waiting 3 seconds before next batch...
[2025-09-18T11:16:25.646Z] [INFO] Processing batch 32/37 (1 cars)...
[2025-09-18T11:16:28.519Z] [INFO] Created car: 27174504
[2025-09-18T11:16:28.520Z] [INFO] Waiting 3 seconds before next batch...
[2025-09-18T11:16:31.522Z] [INFO] Processing batch 33/37 (1 cars)...
[2025-09-18T11:16:34.035Z] [INFO] Created car: 27174486
[2025-09-18T11:16:34.035Z] [INFO] Waiting 3 seconds before next batch...
[2025-09-18T11:16:37.037Z] [INFO] Processing batch 34/37 (1 cars)...
[2025-09-18T11:16:39.456Z] [INFO] Created car: 27129074
[2025-09-18T11:16:39.457Z] [INFO] Waiting 3 seconds before next batch...
[2025-09-18T11:16:42.458Z] [INFO] Processing batch 35/37 (1 cars)...
[2025-09-18T11:16:47.898Z] [INFO] Created car: 26193277
[2025-09-18T11:16:47.899Z] [INFO] Waiting 3 seconds before next batch...
[2025-09-18T11:16:50.903Z] [INFO] Processing batch 36/37 (1 cars)...
[2025-09-18T11:16:53.246Z] [INFO] Created car: 25977085
[2025-09-18T11:16:53.247Z] [INFO] Waiting 3 seconds before next batch...
[2025-09-18T11:16:56.250Z] [INFO] Processing batch 37/37 (1 cars)...
[2025-09-18T11:16:59.596Z] [INFO] Created car: 23452253
[2025-09-18T11:16:59.617Z] [SUCCESS] SUCCESS: Batch sync completed: 37 added, 0 updated, 0 deleted, 0 errors
[2025-09-18T16:44:09.222Z] [INFO] Starting data cleanup...
[2025-09-18T16:44:09.256Z] [INFO] Deleted car images directory: 23452253
[2025-09-18T16:44:09.258Z] [INFO] Deleted car images directory: 25977085
[2025-09-18T16:44:09.259Z] [INFO] Deleted car images directory: 26193277
[2025-09-18T16:44:09.259Z] [INFO] Deleted car images directory: 27129074
[2025-09-18T16:44:09.260Z] [INFO] Deleted car images directory: 27174486
[2025-09-18T16:44:09.261Z] [INFO] Deleted car images directory: 27174504
[2025-09-18T16:44:09.261Z] [INFO] Deleted car images directory: 27227530
[2025-09-18T16:44:09.262Z] [INFO] Deleted car images directory: 27282901
[2025-09-18T16:44:09.263Z] [INFO] Deleted car images directory: 27332627
[2025-09-18T16:44:09.263Z] [INFO] Deleted car images directory: 27361578
[2025-09-18T16:44:09.264Z] [INFO] Deleted car images directory: 27393965
[2025-09-18T16:44:09.264Z] [INFO] Deleted car images directory: 27395544
[2025-09-18T16:44:09.265Z] [INFO] Deleted car images directory: 27503005
[2025-09-18T16:44:09.265Z] [INFO] Deleted car images directory: 27503270
[2025-09-18T16:44:09.265Z] [INFO] Deleted car images directory: 27526595
[2025-09-18T16:44:09.265Z] [INFO] Deleted car images directory: 27527295
[2025-09-18T16:44:09.266Z] [INFO] Deleted car images directory: 27550089
[2025-09-18T16:44:09.266Z] [INFO] Deleted car images directory: 27556130
[2025-09-18T16:44:09.266Z] [INFO] Deleted car images directory: 27556147
[2025-09-18T16:44:09.266Z] [INFO] Deleted car images directory: 27586067
[2025-09-18T16:44:09.266Z] [INFO] Deleted car images directory: 27591647
[2025-09-18T16:44:09.267Z] [INFO] Deleted car images directory: 27608091
[2025-09-18T16:44:09.267Z] [INFO] Deleted car images directory: 27608096
[2025-09-18T16:44:09.267Z] [INFO] Deleted car images directory: 27648602
[2025-09-18T16:44:09.267Z] [INFO] Deleted car images directory: 27649660
[2025-09-18T16:44:09.268Z] [INFO] Deleted car images directory: 27658056
[2025-09-18T16:44:09.268Z] [INFO] Deleted car images directory: 27658156
[2025-09-18T16:44:09.268Z] [INFO] Deleted car images directory: 27677830
[2025-09-18T16:44:09.269Z] [INFO] Deleted car images directory: 27678001
[2025-09-18T16:44:09.269Z] [INFO] Deleted car images directory: 27678028
[2025-09-18T16:44:09.269Z] [INFO] Deleted car images directory: 27687597
[2025-09-18T16:44:09.269Z] [INFO] Deleted car images directory: 27729074
[2025-09-18T16:44:09.269Z] [INFO] Deleted car images directory: 27731121
[2025-09-18T16:44:09.270Z] [INFO] Deleted car images directory: 27737878
[2025-09-18T16:44:09.270Z] [INFO] Deleted car images directory: 27737884
[2025-09-18T16:44:09.270Z] [INFO] Deleted car images directory: 27737896
[2025-09-18T16:44:09.270Z] [INFO] Deleted car images directory: 27737899
[2025-09-18T16:44:09.270Z] [INFO] Data cleanup completed successfully
[2025-09-18T16:44:09.270Z] [INFO] Starting full synchronization...
[2025-09-18T16:44:09.737Z] [ERROR] ERROR: Error during synchronization: - Sync failed: Unauthorized
[2025-09-18T16:44:18.560Z] [INFO] Starting data cleanup...
[2025-09-18T16:44:18.567Z] [INFO] Data cleanup completed successfully
[2025-09-18T16:44:18.568Z] [INFO] Starting full synchronization...
[2025-09-18T16:44:18.827Z] [INFO] Starting manual batch sync with batch size 3...
[2025-09-18T16:44:19.130Z] [INFO] Fetched 37 advertisements from feed
[2025-09-18T16:44:19.130Z] [INFO] Processing 13 batches of 3 cars each
[2025-09-18T16:44:19.130Z] [INFO] Processing batch 1/13 (3 cars)...
[2025-09-18T16:44:39.899Z] [INFO] Created car: 27737899
[2025-09-18T16:45:00.448Z] [INFO] Created car: 27737896
[2025-09-18T16:45:11.570Z] [INFO] Created car: 27737884
[2025-09-18T16:45:11.709Z] [INFO] Waiting 3 seconds before next batch...
[2025-09-18T16:45:14.971Z] [INFO] Processing batch 2/13 (3 cars)...
[2025-09-18T16:45:57.849Z] [INFO] Created car: 27737878
[2025-09-18T16:46:30.402Z] [INFO] Created car: 27731121
[2025-09-18T16:46:52.165Z] [INFO] Created car: 27729074
[2025-09-18T16:46:52.169Z] [INFO] Waiting 3 seconds before next batch...
[2025-09-18T16:46:55.172Z] [INFO] Processing batch 3/13 (3 cars)...
[2025-09-18T16:47:21.918Z] [INFO] Created car: 27687597
[2025-09-18T16:47:53.189Z] [INFO] Created car: 27678028
[2025-09-18T16:48:14.123Z] [INFO] Created car: 27678001
[2025-09-18T16:48:14.126Z] [INFO] Waiting 3 seconds before next batch...
[2025-09-18T16:48:17.127Z] [INFO] Processing batch 4/13 (3 cars)...
[2025-09-18T16:48:20.462Z] [INFO] Created car: 27677830
[2025-09-18T16:48:51.830Z] [INFO] Created car: 27658156
[2025-09-18T16:49:19.329Z] [INFO] Created car: 27658056
[2025-09-18T16:49:19.331Z] [INFO] Waiting 3 seconds before next batch...
[2025-09-18T16:49:19.720Z] [ERROR] ERROR: Error during synchronization: - fetch failed
[2025-09-18T16:49:22.336Z] [INFO] Processing batch 5/13 (3 cars)...
[2025-09-18T16:49:41.410Z] [INFO] Created car: 27649660
[2025-09-18T16:50:09.732Z] [INFO] Created car: 27648602
[2025-09-18T16:51:49.615Z] [INFO] Created car: 27608096
[2025-09-18T16:51:49.615Z] [INFO] Waiting 3 seconds before next batch...
[2025-09-18T16:51:52.619Z] [INFO] Processing batch 6/13 (3 cars)...
[2025-09-18T16:52:18.858Z] [INFO] Created car: 27608091
[2025-09-18T16:52:38.768Z] [INFO] Created car: 27591647
[2025-09-18T16:52:55.765Z] [INFO] Created car: 27586067
[2025-09-18T16:52:55.766Z] [INFO] Waiting 3 seconds before next batch...
[2025-09-18T16:52:58.769Z] [INFO] Processing batch 7/13 (3 cars)...
[2025-09-18T16:53:42.583Z] [INFO] Created car: 27556147
[2025-09-18T17:07:34.159Z] [INFO] Starting manual batch sync with batch size 3...
[2025-09-18T17:07:34.455Z] [INFO] Fetched 37 advertisements from feed
[2025-09-18T17:07:34.456Z] [INFO] Processing 13 batches of 3 cars each
[2025-09-18T17:07:34.456Z] [INFO] Processing batch 1/13 (3 cars)...
[2025-09-18T17:07:35.115Z] [INFO] Updated car: 27737899
[2025-09-18T17:07:35.518Z] [INFO] Updated car: 27737896
[2025-09-18T17:07:35.971Z] [INFO] Updated car: 27737884
[2025-09-18T17:07:35.972Z] [INFO] Waiting 3 seconds before next batch...
[2025-09-18T17:07:38.977Z] [INFO] Processing batch 2/13 (3 cars)...
[2025-09-18T17:07:39.800Z] [INFO] Updated car: 27737878
[2025-09-18T17:07:40.520Z] [INFO] Updated car: 27731121
[2025-09-18T17:07:41.094Z] [INFO] Updated car: 27729074
[2025-09-18T17:07:41.095Z] [INFO] Waiting 3 seconds before next batch...
[2025-09-18T17:07:44.098Z] [INFO] Processing batch 3/13 (3 cars)...
[2025-09-18T17:07:44.875Z] [INFO] Updated car: 27687597
[2025-09-18T17:07:45.611Z] [INFO] Updated car: 27678028
[2025-09-18T17:07:46.229Z] [INFO] Updated car: 27678001
[2025-09-18T17:07:46.230Z] [INFO] Waiting 3 seconds before next batch...
[2025-09-18T17:07:49.234Z] [INFO] Processing batch 4/13 (3 cars)...
[2025-09-18T17:07:49.923Z] [INFO] Updated car: 27677830
[2025-09-18T17:07:50.485Z] [INFO] Updated car: 27658156
[2025-09-18T17:07:50.982Z] [INFO] Updated car: 27658056
[2025-09-18T17:07:50.982Z] [INFO] Waiting 3 seconds before next batch...
[2025-09-18T17:07:53.986Z] [INFO] Processing batch 5/13 (3 cars)...
[2025-09-18T17:07:54.465Z] [INFO] Updated car: 27649660
[2025-09-18T17:07:55.119Z] [INFO] Updated car: 27648602
[2025-09-18T17:07:56.952Z] [INFO] Updated car: 27608096
[2025-09-18T17:07:56.952Z] [INFO] Waiting 3 seconds before next batch...
[2025-09-18T17:07:59.952Z] [INFO] Processing batch 6/13 (3 cars)...
[2025-09-18T17:08:00.682Z] [INFO] Updated car: 27608091
[2025-09-18T17:08:01.216Z] [INFO] Updated car: 27591647
[2025-09-18T17:08:01.621Z] [INFO] Updated car: 27586067
[2025-09-18T17:08:01.621Z] [INFO] Waiting 3 seconds before next batch...
[2025-09-18T17:08:04.625Z] [INFO] Processing batch 7/13 (3 cars)...
[2025-09-18T17:08:05.950Z] [INFO] Updated car: 27556147
[2025-09-18T17:08:17.372Z] [INFO] Updated car: 27556130
[2025-09-18T17:08:39.424Z] [INFO] Created car: 27550089
[2025-09-18T17:08:39.425Z] [INFO] Waiting 3 seconds before next batch...
[2025-09-18T17:08:42.429Z] [INFO] Processing batch 8/13 (3 cars)...
[2025-09-18T17:09:02.541Z] [INFO] Created car: 27527295
[2025-09-18T17:09:25.877Z] [INFO] Created car: 27526595
[2025-09-18T17:09:54.286Z] [INFO] Created car: 27503270
[2025-09-18T17:09:54.287Z] [INFO] Waiting 3 seconds before next batch...
[2025-09-18T17:09:57.290Z] [INFO] Processing batch 9/13 (3 cars)...
[2025-09-18T17:10:16.354Z] [INFO] Created car: 27503005
[2025-09-18T17:10:44.789Z] [INFO] Created car: 27395544
[2025-09-18T17:11:24.057Z] [INFO] Created car: 27393965
[2025-09-18T17:11:24.058Z] [INFO] Waiting 3 seconds before next batch...
[2025-09-18T17:11:27.070Z] [INFO] Processing batch 10/13 (3 cars)...
[2025-09-18T17:11:45.162Z] [INFO] Created car: 27361578
[2025-09-18T17:12:00.546Z] [INFO] Created car: 27332627
[2025-09-18T17:12:36.371Z] [INFO] Created car: 27282901
[2025-09-18T17:12:36.372Z] [INFO] Waiting 3 seconds before next batch...
[2025-09-18T17:12:39.374Z] [INFO] Processing batch 11/13 (3 cars)...
[2025-09-18T17:12:52.025Z] [INFO] Created car: 27227530
[2025-09-18T17:13:38.136Z] [INFO] Created car: 27174504
[2025-09-18T17:13:56.865Z] [INFO] Created car: 27174486
[2025-09-18T17:13:56.866Z] [INFO] Waiting 3 seconds before next batch...
[2025-09-18T17:13:59.870Z] [INFO] Processing batch 12/13 (3 cars)...
[2025-09-18T17:14:17.031Z] [INFO] Created car: 27129074
[2025-09-18T17:14:55.602Z] [INFO] Created car: 26193277
[2025-09-18T17:15:37.874Z] [INFO] Created car: 25977085
[2025-09-18T17:15:37.875Z] [INFO] Waiting 3 seconds before next batch...
[2025-09-18T17:15:40.877Z] [INFO] Processing batch 13/13 (1 cars)...
[2025-09-18T17:16:22.860Z] [INFO] Created car: 23452253
[2025-09-18T17:16:22.880Z] [SUCCESS] SUCCESS: Batch sync completed: 17 added, 20 updated, 0 deleted, 0 errors
